2025-07-17 18:47:19 INFO  [main] c.w.calculator.CalculatorApplication - Starting CalculatorApplication using Java 21.0.8 with PID 13844 (C:\Users\ricar\OneDrive\Desktop\WIT Calculator\calculator-api\calculator\target\classes started by ricar in C:\Users\ricar\OneDrive\Desktop\WIT Calculator\calculator-api\calculator)
2025-07-17 18:47:19 INFO  [main] c.w.calculator.CalculatorApplication - No active profile set, falling back to 1 default profile: "default"
2025-07-17 18:47:20 INFO  [main] o.a.k.c.consumer.ConsumerConfig - ConsumerConfig values: 
	allow.auto.create.topics = true
	auto.commit.interval.ms = 5000
	auto.include.jmx.reporter = true
	auto.offset.reset = earliest
	bootstrap.servers = [localhost:9092]
	check.crcs = true
	client.dns.lookup = use_all_dns_ips
	client.id = consumer-calculator-group-1
	client.rack = 
	connections.max.idle.ms = 540000
	default.api.timeout.ms = 60000
	enable.auto.commit = false
	exclude.internal.topics = true
	fetch.max.bytes = 52428800
	fetch.max.wait.ms = 500
	fetch.min.bytes = 1
	group.id = calculator-group
	group.instance.id = null
	heartbeat.interval.ms = 3000
	interceptor.classes = []
	internal.leave.group.on.close = true
	internal.throw.on.fetch.stable.offset.unsupported = false
	isolation.level = read_uncommitted
	key.deserializer = class org.apache.kafka.common.serialization.StringDeserializer
	max.partition.fetch.bytes = 1048576
	max.poll.interval.ms = 300000
	max.poll.records = 500
	metadata.max.age.ms = 300000
	metric.reporters = []
	metrics.num.samples = 2
	metrics.recording.level = INFO
	metrics.sample.window.ms = 30000
	partition.assignment.strategy = [class org.apache.kafka.clients.consumer.RangeAssignor, class org.apache.kafka.clients.consumer.CooperativeStickyAssignor]
	receive.buffer.bytes = 1048576
	reconnect.backoff.max.ms = 1000
	reconnect.backoff.ms = 50
	request.timeout.ms = 30000
	retry.backoff.ms = 100
	sasl.client.callback.handler.class = null
	sasl.jaas.config = null
	sasl.kerberos.kinit.cmd = /usr/bin/kinit
	sasl.kerberos.min.time.before.relogin = 60000
	sasl.kerberos.service.name = null
	sasl.kerberos.ticket.renew.jitter = 0.05
	sasl.kerberos.ticket.renew.window.factor = 0.8
	sasl.login.callback.handler.class = null
	sasl.login.class = null
	sasl.login.connect.timeout.ms = null
	sasl.login.read.timeout.ms = null
	sasl.login.refresh.buffer.seconds = 300
	sasl.login.refresh.min.period.seconds = 60
	sasl.login.refresh.window.factor = 0.8
	sasl.login.refresh.window.jitter = 0.05
	sasl.login.retry.backoff.max.ms = 10000
	sasl.login.retry.backoff.ms = 100
	sasl.mechanism = GSSAPI
	sasl.oauthbearer.clock.skew.seconds = 30
	sasl.oauthbearer.expected.audience = null
	sasl.oauthbearer.expected.issuer = null
	sasl.oauthbearer.jwks.endpoint.refresh.ms = 3600000
	sasl.oauthbearer.jwks.endpoint.retry.backoff.max.ms = 10000
	sasl.oauthbearer.jwks.endpoint.retry.backoff.ms = 100
	sasl.oauthbearer.jwks.endpoint.url = null
	sasl.oauthbearer.scope.claim.name = scope
	sasl.oauthbearer.sub.claim.name = sub
	sasl.oauthbearer.token.endpoint.url = null
	security.protocol = PLAINTEXT
	security.providers = null
	send.buffer.bytes = 131072
	session.timeout.ms = 45000
	socket.connection.setup.timeout.max.ms = 30000
	socket.connection.setup.timeout.ms = 10000
	ssl.cipher.suites = null
	ssl.enabled.protocols = [TLSv1.2, TLSv1.3]
	ssl.endpoint.identification.algorithm = https
	ssl.engine.factory.class = null
	ssl.key.password = null
	ssl.keymanager.algorithm = SunX509
	ssl.keystore.certificate.chain = null
	ssl.keystore.key = null
	ssl.keystore.location = null
	ssl.keystore.password = null
	ssl.keystore.type = JKS
	ssl.protocol = TLSv1.3
	ssl.provider = null
	ssl.secure.random.implementation = null
	ssl.trustmanager.algorithm = PKIX
	ssl.truststore.certificates = null
	ssl.truststore.location = null
	ssl.truststore.password = null
	ssl.truststore.type = JKS
	value.deserializer = class org.apache.kafka.common.serialization.StringDeserializer

2025-07-17 18:47:20 INFO  [main] o.a.kafka.common.utils.AppInfoParser - Kafka version: 3.6.0
2025-07-17 18:47:20 INFO  [main] o.a.kafka.common.utils.AppInfoParser - Kafka commitId: 60e845626d8a465a
2025-07-17 18:47:20 INFO  [main] o.a.kafka.common.utils.AppInfoParser - Kafka startTimeMs: 1752774440274
2025-07-17 18:47:20 INFO  [main] o.s.k.c.DefaultKafkaConsumerFactory$ExtendedKafkaConsumer - [Consumer clientId=consumer-calculator-group-1, groupId=calculator-group] Subscribed to topic(s): calculator-operations
2025-07-17 18:47:20 INFO  [main] c.w.calculator.CalculatorApplication - Started CalculatorApplication in 1.15 seconds (process running for 1.365)
2025-07-17 18:47:20 INFO  [org.springframework.kafka.KafkaListenerEndpointContainer#0-0-C-1] org.apache.kafka.clients.Metadata - [Consumer clientId=consumer-calculator-group-1, groupId=calculator-group] Cluster ID: pQtFSzGKRvGsKJfAWILa_g
2025-07-17 18:47:20 INFO  [org.springframework.kafka.KafkaListenerEndpointContainer#0-0-C-1] o.a.k.c.c.i.ConsumerCoordinator - [Consumer clientId=consumer-calculator-group-1, groupId=calculator-group] Discovered group coordinator localhost:9092 (id: 2147483646 rack: null)
2025-07-17 18:47:20 INFO  [org.springframework.kafka.KafkaListenerEndpointContainer#0-0-C-1] o.a.k.c.c.i.ConsumerCoordinator - [Consumer clientId=consumer-calculator-group-1, groupId=calculator-group] (Re-)joining group
2025-07-17 18:47:20 INFO  [org.springframework.kafka.KafkaListenerEndpointContainer#0-0-C-1] o.a.k.c.c.i.ConsumerCoordinator - [Consumer clientId=consumer-calculator-group-1, groupId=calculator-group] Request joining group due to: need to re-join with the given member-id: consumer-calculator-group-1-b2cd81ef-f414-4e66-8fff-41ef33fcd98b
2025-07-17 18:47:20 INFO  [org.springframework.kafka.KafkaListenerEndpointContainer#0-0-C-1] o.a.k.c.c.i.ConsumerCoordinator - [Consumer clientId=consumer-calculator-group-1, groupId=calculator-group] Request joining group due to: rebalance failed due to 'The group member needs to have a valid member id before actually entering a consumer group.' (MemberIdRequiredException)
2025-07-17 18:47:20 INFO  [org.springframework.kafka.KafkaListenerEndpointContainer#0-0-C-1] o.a.k.c.c.i.ConsumerCoordinator - [Consumer clientId=consumer-calculator-group-1, groupId=calculator-group] (Re-)joining group
2025-07-17 18:47:23 INFO  [org.springframework.kafka.KafkaListenerEndpointContainer#0-0-C-1] o.a.k.c.c.i.ConsumerCoordinator - [Consumer clientId=consumer-calculator-group-1, groupId=calculator-group] Successfully joined group with generation Generation{generationId=11, memberId='consumer-calculator-group-1-b2cd81ef-f414-4e66-8fff-41ef33fcd98b', protocol='range'}
2025-07-17 18:47:23 INFO  [org.springframework.kafka.KafkaListenerEndpointContainer#0-0-C-1] o.a.k.c.c.i.ConsumerCoordinator - [Consumer clientId=consumer-calculator-group-1, groupId=calculator-group] Finished assignment for group at generation 11: {consumer-calculator-group-1-b2cd81ef-f414-4e66-8fff-41ef33fcd98b=Assignment(partitions=[calculator-operations-0])}
2025-07-17 18:47:23 INFO  [org.springframework.kafka.KafkaListenerEndpointContainer#0-0-C-1] o.a.k.c.c.i.ConsumerCoordinator - [Consumer clientId=consumer-calculator-group-1, groupId=calculator-group] Successfully synced group in generation Generation{generationId=11, memberId='consumer-calculator-group-1-b2cd81ef-f414-4e66-8fff-41ef33fcd98b', protocol='range'}
2025-07-17 18:47:23 INFO  [org.springframework.kafka.KafkaListenerEndpointContainer#0-0-C-1] o.a.k.c.c.i.ConsumerCoordinator - [Consumer clientId=consumer-calculator-group-1, groupId=calculator-group] Notifying assignor about the new Assignment(partitions=[calculator-operations-0])
2025-07-17 18:47:23 INFO  [org.springframework.kafka.KafkaListenerEndpointContainer#0-0-C-1] o.a.k.c.c.i.ConsumerCoordinator - [Consumer clientId=consumer-calculator-group-1, groupId=calculator-group] Adding newly assigned partitions: calculator-operations-0
2025-07-17 18:47:23 INFO  [org.springframework.kafka.KafkaListenerEndpointContainer#0-0-C-1] o.a.k.c.c.i.ConsumerCoordinator - [Consumer clientId=consumer-calculator-group-1, groupId=calculator-group] Setting offset for partition calculator-operations-0 to the committed offset FetchPosition{offset=1, offsetEpoch=Optional.empty, currentLeader=LeaderAndEpoch{leader=Optional[localhost:9092 (id: 1 rack: null)], epoch=0}}
2025-07-17 18:47:23 INFO  [org.springframework.kafka.KafkaListenerEndpointContainer#0-0-C-1] o.s.k.l.KafkaMessageListenerContainer - calculator-group: partitions assigned: [calculator-operations-0]
2025-07-17 18:54:43 INFO  [org.springframework.kafka.KafkaListenerEndpointContainer#0-0-C-1] c.w.c.kafka.KafkaConsumerService - Resultado: sum entre 10 e 5 = 15
2025-07-17 19:04:22 INFO  [main] c.w.calculator.CalculatorApplication - Starting CalculatorApplication using Java 21.0.8 with PID 29192 (C:\Users\ricar\OneDrive\Desktop\WIT Calculator\calculator-api\calculator\target\classes started by ricar in C:\Users\ricar\OneDrive\Desktop\WIT Calculator\calculator-api\calculator)
2025-07-17 19:04:22 INFO  [main] c.w.calculator.CalculatorApplication - No active profile set, falling back to 1 default profile: "default"
2025-07-17 19:04:23 INFO  [main] o.a.k.c.consumer.ConsumerConfig - ConsumerConfig values: 
	allow.auto.create.topics = true
	auto.commit.interval.ms = 5000
	auto.include.jmx.reporter = true
	auto.offset.reset = earliest
	bootstrap.servers = [localhost:9092]
	check.crcs = true
	client.dns.lookup = use_all_dns_ips
	client.id = consumer-calculator-group-1
	client.rack = 
	connections.max.idle.ms = 540000
	default.api.timeout.ms = 60000
	enable.auto.commit = false
	exclude.internal.topics = true
	fetch.max.bytes = 52428800
	fetch.max.wait.ms = 500
	fetch.min.bytes = 1
	group.id = calculator-group
	group.instance.id = null
	heartbeat.interval.ms = 3000
	interceptor.classes = []
	internal.leave.group.on.close = true
	internal.throw.on.fetch.stable.offset.unsupported = false
	isolation.level = read_uncommitted
	key.deserializer = class org.apache.kafka.common.serialization.StringDeserializer
	max.partition.fetch.bytes = 1048576
	max.poll.interval.ms = 300000
	max.poll.records = 500
	metadata.max.age.ms = 300000
	metric.reporters = []
	metrics.num.samples = 2
	metrics.recording.level = INFO
	metrics.sample.window.ms = 30000
	partition.assignment.strategy = [class org.apache.kafka.clients.consumer.RangeAssignor, class org.apache.kafka.clients.consumer.CooperativeStickyAssignor]
	receive.buffer.bytes = 1048576
	reconnect.backoff.max.ms = 1000
	reconnect.backoff.ms = 50
	request.timeout.ms = 30000
	retry.backoff.ms = 100
	sasl.client.callback.handler.class = null
	sasl.jaas.config = null
	sasl.kerberos.kinit.cmd = /usr/bin/kinit
	sasl.kerberos.min.time.before.relogin = 60000
	sasl.kerberos.service.name = null
	sasl.kerberos.ticket.renew.jitter = 0.05
	sasl.kerberos.ticket.renew.window.factor = 0.8
	sasl.login.callback.handler.class = null
	sasl.login.class = null
	sasl.login.connect.timeout.ms = null
	sasl.login.read.timeout.ms = null
	sasl.login.refresh.buffer.seconds = 300
	sasl.login.refresh.min.period.seconds = 60
	sasl.login.refresh.window.factor = 0.8
	sasl.login.refresh.window.jitter = 0.05
	sasl.login.retry.backoff.max.ms = 10000
	sasl.login.retry.backoff.ms = 100
	sasl.mechanism = GSSAPI
	sasl.oauthbearer.clock.skew.seconds = 30
	sasl.oauthbearer.expected.audience = null
	sasl.oauthbearer.expected.issuer = null
	sasl.oauthbearer.jwks.endpoint.refresh.ms = 3600000
	sasl.oauthbearer.jwks.endpoint.retry.backoff.max.ms = 10000
	sasl.oauthbearer.jwks.endpoint.retry.backoff.ms = 100
	sasl.oauthbearer.jwks.endpoint.url = null
	sasl.oauthbearer.scope.claim.name = scope
	sasl.oauthbearer.sub.claim.name = sub
	sasl.oauthbearer.token.endpoint.url = null
	security.protocol = PLAINTEXT
	security.providers = null
	send.buffer.bytes = 131072
	session.timeout.ms = 45000
	socket.connection.setup.timeout.max.ms = 30000
	socket.connection.setup.timeout.ms = 10000
	ssl.cipher.suites = null
	ssl.enabled.protocols = [TLSv1.2, TLSv1.3]
	ssl.endpoint.identification.algorithm = https
	ssl.engine.factory.class = null
	ssl.key.password = null
	ssl.keymanager.algorithm = SunX509
	ssl.keystore.certificate.chain = null
	ssl.keystore.key = null
	ssl.keystore.location = null
	ssl.keystore.password = null
	ssl.keystore.type = JKS
	ssl.protocol = TLSv1.3
	ssl.provider = null
	ssl.secure.random.implementation = null
	ssl.trustmanager.algorithm = PKIX
	ssl.truststore.certificates = null
	ssl.truststore.location = null
	ssl.truststore.password = null
	ssl.truststore.type = JKS
	value.deserializer = class org.apache.kafka.common.serialization.StringDeserializer

2025-07-17 19:04:23 INFO  [main] o.a.kafka.common.utils.AppInfoParser - Kafka version: 3.6.0
2025-07-17 19:04:23 INFO  [main] o.a.kafka.common.utils.AppInfoParser - Kafka commitId: 60e845626d8a465a
2025-07-17 19:04:23 INFO  [main] o.a.kafka.common.utils.AppInfoParser - Kafka startTimeMs: 1752775463330
2025-07-17 19:04:23 INFO  [main] o.s.k.c.DefaultKafkaConsumerFactory$ExtendedKafkaConsumer - [Consumer clientId=consumer-calculator-group-1, groupId=calculator-group] Subscribed to topic(s): calculator-operations
2025-07-17 19:04:23 INFO  [main] c.w.calculator.CalculatorApplication - Started CalculatorApplication in 1.156 seconds (process running for 1.366)
2025-07-17 19:04:23 INFO  [org.springframework.kafka.KafkaListenerEndpointContainer#0-0-C-1] org.apache.kafka.clients.Metadata - [Consumer clientId=consumer-calculator-group-1, groupId=calculator-group] Cluster ID: pQtFSzGKRvGsKJfAWILa_g
2025-07-17 19:04:23 INFO  [org.springframework.kafka.KafkaListenerEndpointContainer#0-0-C-1] o.a.k.c.c.i.ConsumerCoordinator - [Consumer clientId=consumer-calculator-group-1, groupId=calculator-group] Discovered group coordinator localhost:9092 (id: 2147483646 rack: null)
2025-07-17 19:04:23 INFO  [org.springframework.kafka.KafkaListenerEndpointContainer#0-0-C-1] o.a.k.c.c.i.ConsumerCoordinator - [Consumer clientId=consumer-calculator-group-1, groupId=calculator-group] (Re-)joining group
2025-07-17 19:04:23 INFO  [org.springframework.kafka.KafkaListenerEndpointContainer#0-0-C-1] o.a.k.c.c.i.ConsumerCoordinator - [Consumer clientId=consumer-calculator-group-1, groupId=calculator-group] Request joining group due to: need to re-join with the given member-id: consumer-calculator-group-1-0cdbee6f-cca9-47e4-a080-4a30f6c4f6fb
2025-07-17 19:04:23 INFO  [org.springframework.kafka.KafkaListenerEndpointContainer#0-0-C-1] o.a.k.c.c.i.ConsumerCoordinator - [Consumer clientId=consumer-calculator-group-1, groupId=calculator-group] Request joining group due to: rebalance failed due to 'The group member needs to have a valid member id before actually entering a consumer group.' (MemberIdRequiredException)
2025-07-17 19:04:23 INFO  [org.springframework.kafka.KafkaListenerEndpointContainer#0-0-C-1] o.a.k.c.c.i.ConsumerCoordinator - [Consumer clientId=consumer-calculator-group-1, groupId=calculator-group] (Re-)joining group
2025-07-17 19:04:26 INFO  [org.springframework.kafka.KafkaListenerEndpointContainer#0-0-C-1] o.a.k.c.c.i.ConsumerCoordinator - [Consumer clientId=consumer-calculator-group-1, groupId=calculator-group] Successfully joined group with generation Generation{generationId=13, memberId='consumer-calculator-group-1-0cdbee6f-cca9-47e4-a080-4a30f6c4f6fb', protocol='range'}
2025-07-17 19:04:26 INFO  [org.springframework.kafka.KafkaListenerEndpointContainer#0-0-C-1] o.a.k.c.c.i.ConsumerCoordinator - [Consumer clientId=consumer-calculator-group-1, groupId=calculator-group] Finished assignment for group at generation 13: {consumer-calculator-group-1-0cdbee6f-cca9-47e4-a080-4a30f6c4f6fb=Assignment(partitions=[calculator-operations-0])}
2025-07-17 19:04:26 INFO  [org.springframework.kafka.KafkaListenerEndpointContainer#0-0-C-1] o.a.k.c.c.i.ConsumerCoordinator - [Consumer clientId=consumer-calculator-group-1, groupId=calculator-group] Successfully synced group in generation Generation{generationId=13, memberId='consumer-calculator-group-1-0cdbee6f-cca9-47e4-a080-4a30f6c4f6fb', protocol='range'}
2025-07-17 19:04:26 INFO  [org.springframework.kafka.KafkaListenerEndpointContainer#0-0-C-1] o.a.k.c.c.i.ConsumerCoordinator - [Consumer clientId=consumer-calculator-group-1, groupId=calculator-group] Notifying assignor about the new Assignment(partitions=[calculator-operations-0])
2025-07-17 19:04:26 INFO  [org.springframework.kafka.KafkaListenerEndpointContainer#0-0-C-1] o.a.k.c.c.i.ConsumerCoordinator - [Consumer clientId=consumer-calculator-group-1, groupId=calculator-group] Adding newly assigned partitions: calculator-operations-0
2025-07-17 19:04:26 INFO  [org.springframework.kafka.KafkaListenerEndpointContainer#0-0-C-1] o.a.k.c.c.i.ConsumerCoordinator - [Consumer clientId=consumer-calculator-group-1, groupId=calculator-group] Setting offset for partition calculator-operations-0 to the committed offset FetchPosition{offset=2, offsetEpoch=Optional.empty, currentLeader=LeaderAndEpoch{leader=Optional[localhost:9092 (id: 1 rack: null)], epoch=0}}
2025-07-17 19:04:26 INFO  [org.springframework.kafka.KafkaListenerEndpointContainer#0-0-C-1] o.s.k.l.KafkaMessageListenerContainer - calculator-group: partitions assigned: [calculator-operations-0]
2025-07-17 19:04:42 INFO  [org.springframework.kafka.KafkaListenerEndpointContainer#0-0-C-1] c.w.c.kafka.KafkaConsumerService - Resultado: sum entre 10 e 20 = 30
